============================= test session starts =============================
platform win32 -- Python 3.11.9, pytest-8.4.2, pluggy-1.6.0
rootdir: D:\ZM\AI工坊\培英\04-开发实现\apps\api
configfile: pyproject.toml
testpaths: tests
plugins: anyio-4.14.2
collected 72 items

tests\test_api.py .....                                                  [  6%]
tests\test_auth_p0a.py ..................                                [ 31%]
tests\test_demo_d0_document_intelligence.py ...............              [ 52%]
tests\test_p0b1_production_readiness.py ............                     [ 69%]
tests\test_p0b_persistence_concurrency.py ..........                     [ 83%]
tests\test_quote_constraints.py .                                        [ 84%]
tests\test_s2_quotes.py ...........                                      [100%]

============================== warnings summary ===============================
..\..\.venv\Lib\site-packages\fastapi\testclient.py:1
  D:\ZM\AI工坊\培英\04-开发实现\.venv\Lib\site-packages\fastapi\testclient.py:1: StarletteDeprecationWarning: Using `httpx` with `starlette.testclient` is deprecated; install `httpx2` instead.
    from starlette.testclient import TestClient as TestClient  # noqa

-- Docs: https://docs.pytest.org/en/stable/how-to/capture-warnings.html
======================= 72 passed, 1 warning in 23.81s ========================
