============================= test session starts =============================
platform win32 -- Python 3.11.9, pytest-8.4.2, pluggy-1.6.0
rootdir: D:\ZM\AI工坊\培英\04-开发实现\apps\api
configfile: pyproject.toml
plugins: anyio-4.14.2
collected 94 items

apps\api\tests\test_api.py .....                                         [  5%]
apps\api\tests\test_auth_p0a.py ...................                      [ 25%]
apps\api\tests\test_d1_1_runtime_wiring.py .                             [ 26%]
apps\api\tests\test_demo_d0_document_intelligence.py ...............     [ 42%]
apps\api\tests\test_p0b1_production_readiness.py ............            [ 55%]
apps\api\tests\test_p0b_persistence_concurrency.py ..........            [ 65%]
apps\api\tests\test_quote_constraints.py .                               [ 67%]
apps\api\tests\test_s1_tenders.py ....................                   [ 88%]
apps\api\tests\test_s2_quotes.py ...........                             [100%]

============================== warnings summary ===============================
.venv\Lib\site-packages\fastapi\testclient.py:1
  D:\ZM\AI工坊\培英\04-开发实现\.venv\Lib\site-packages\fastapi\testclient.py:1: StarletteDeprecationWarning: Using `httpx` with `starlette.testclient` is deprecated; install `httpx2` instead.
    from starlette.testclient import TestClient as TestClient  # noqa

-- Docs: https://docs.pytest.org/en/stable/how-to/capture-warnings.html
======================= 94 passed, 1 warning in 11.04s ========================
